2018-08-01 18:14:47 INFO  c.a.A.AutismAppServerApplicationTests - Starting AutismAppServerApplicationTests on BB002 with PID 30154 (started by root in /home/buzzybrains-002/New_Eclipse_workspace/AutismAppServer)
2018-08-01 18:14:47 INFO  c.a.A.AutismAppServerApplicationTests - No active profile set, falling back to default profiles: default
2018-08-01 18:14:47 INFO  o.s.w.c.s.GenericWebApplicationContext - Refreshing org.springframework.web.context.support.GenericWebApplicationContext@d78795: startup date [Wed Aug 01 18:14:47 IST 2018]; root of context hierarchy
2018-08-01 18:14:49 INFO  o.s.c.s.PostProcessorRegistrationDelegate$BeanPostProcessorChecker - Bean 'org.springframework.transaction.annotation.ProxyTransactionManagementConfiguration' of type [org.springframework.transaction.annotation.ProxyTransactionManagementConfiguration$$EnhancerBySpringCGLIB$$140e4164] is not eligible for getting processed by all BeanPostProcessors (for example: not eligible for auto-proxying)
2018-08-01 18:14:54 INFO  liquibase - Successfully acquired change log lock
2018-08-01 18:14:55 INFO  liquibase - Creating database history table with name: autism.DATABASECHANGELOG
2018-08-01 18:14:55 INFO  liquibase - Reading from autism.DATABASECHANGELOG
2018-08-01 18:14:56 INFO  liquibase - classpath:db/changelog/db.changelog-master.xml: db/changelog/db.changelog-0.0.1.xml::create_schema1.0::dipak: Table user created
2018-08-01 18:14:56 INFO  liquibase - classpath:db/changelog/db.changelog-master.xml: db/changelog/db.changelog-0.0.1.xml::create_schema1.0::dipak: ChangeSet db/changelog/db.changelog-0.0.1.xml::create_schema1.0::dipak ran successfully in 366ms
2018-08-01 18:14:56 INFO  liquibase - Successfully released change log lock
2018-08-01 18:14:56 INFO  o.s.o.j.LocalContainerEntityManagerFactoryBean - Building JPA container EntityManagerFactory for persistence unit 'default'
2018-08-01 18:14:56 INFO  o.h.jpa.internal.util.LogHelper - HHH000204: Processing PersistenceUnitInfo [
	name: default
	...]
2018-08-01 18:14:56 INFO  org.hibernate.Version - HHH000412: Hibernate Core {5.0.12.Final}
2018-08-01 18:14:56 INFO  org.hibernate.cfg.Environment - HHH000206: hibernate.properties not found
2018-08-01 18:14:56 INFO  org.hibernate.cfg.Environment - HHH000021: Bytecode provider name : javassist
2018-08-01 18:14:56 INFO  o.h.annotations.common.Version - HCANN000001: Hibernate Commons Annotations {5.0.1.Final}
2018-08-01 18:14:57 INFO  org.hibernate.dialect.Dialect - HHH000400: Using dialect: org.hibernate.dialect.MySQL5Dialect
2018-08-01 18:14:57 INFO  o.s.o.j.LocalContainerEntityManagerFactoryBean - Initialized JPA EntityManagerFactory for persistence unit 'default'
2018-08-01 18:14:58 INFO  o.s.w.s.m.m.a.RequestMappingHandlerMapping - Mapped "{[/organization/assumptions],methods=[POST]}" onto public org.springframework.http.ResponseEntity<java.lang.Object> com.autism.AutismAppServer.controller.UserController.createAssumptions(javax.servlet.http.HttpServletRequest)
2018-08-01 18:14:58 INFO  o.s.w.s.m.m.a.RequestMappingHandlerMapping - Mapped "{[/v2/api-docs],methods=[GET]}" onto public org.springframework.http.ResponseEntity<springfox.documentation.spring.web.json.Json> springfox.documentation.swagger2.web.Swagger2Controller.getDocumentation(java.lang.String)
2018-08-01 18:14:58 INFO  o.s.w.s.m.m.a.RequestMappingHandlerMapping - Mapped "{[/configuration/security]}" onto org.springframework.http.ResponseEntity<springfox.documentation.swagger.web.SecurityConfiguration> springfox.documentation.swagger.web.ApiResourceController.securityConfiguration()
2018-08-01 18:14:58 INFO  o.s.w.s.m.m.a.RequestMappingHandlerMapping - Mapped "{[/configuration/ui]}" onto org.springframework.http.ResponseEntity<springfox.documentation.swagger.web.UiConfiguration> springfox.documentation.swagger.web.ApiResourceController.uiConfiguration()
2018-08-01 18:14:58 INFO  o.s.w.s.m.m.a.RequestMappingHandlerMapping - Mapped "{[/swagger-resources]}" onto org.springframework.http.ResponseEntity<java.util.List<springfox.documentation.swagger.web.SwaggerResource>> springfox.documentation.swagger.web.ApiResourceController.swaggerResources()
2018-08-01 18:14:58 INFO  o.s.w.s.m.m.a.RequestMappingHandlerMapping - Mapped "{[/error],produces=[text/html]}" onto public org.springframework.web.servlet.ModelAndView org.springframework.boot.autoconfigure.web.BasicErrorController.errorHtml(javax.servlet.http.HttpServletRequest,javax.servlet.http.HttpServletResponse)
2018-08-01 18:14:58 INFO  o.s.w.s.m.m.a.RequestMappingHandlerMapping - Mapped "{[/error]}" onto public org.springframework.http.ResponseEntity<java.util.Map<java.lang.String, java.lang.Object>> org.springframework.boot.autoconfigure.web.BasicErrorController.error(javax.servlet.http.HttpServletRequest)
2018-08-01 18:14:59 INFO  o.s.w.s.m.m.a.RequestMappingHandlerAdapter - Looking for @ControllerAdvice: org.springframework.web.context.support.GenericWebApplicationContext@d78795: startup date [Wed Aug 01 18:14:47 IST 2018]; root of context hierarchy
2018-08-01 18:14:59 INFO  o.s.w.s.h.SimpleUrlHandlerMapping - Mapped URL path [/webjars/**] onto handler of type [class org.springframework.web.servlet.resource.ResourceHttpRequestHandler]
2018-08-01 18:14:59 INFO  o.s.w.s.h.SimpleUrlHandlerMapping - Mapped URL path [/**] onto handler of type [class org.springframework.web.servlet.resource.ResourceHttpRequestHandler]
2018-08-01 18:14:59 INFO  o.s.w.s.h.SimpleUrlHandlerMapping - Mapped URL path [/**/favicon.ico] onto handler of type [class org.springframework.web.servlet.resource.ResourceHttpRequestHandler]
2018-08-01 18:14:59 INFO  s.d.s.w.p.DocumentationPluginsBootstrapper - Context refreshed
2018-08-01 18:15:00 INFO  s.d.s.w.p.DocumentationPluginsBootstrapper - Found {0} custom documentation plugin(s)
2018-08-01 18:15:00 INFO  s.d.s.w.s.ApiListingReferenceScanner - Scanning for api listing references
2018-08-01 18:15:00 INFO  s.d.s.w.ClassOrApiAnnotationResourceGrouping - Group for method createAssumptions was user-controller
2018-08-01 18:15:00 INFO  s.d.s.w.s.ApiListingReferenceScanner - Request mapping: createAssumptions belongs to groups: [[ResourceGroup{groupName='user-controller', position=0, controller=com.autism.AutismAppServer.controller.UserController}]] 
2018-08-01 18:15:00 INFO  s.d.s.w.s.ApiListingReferenceScanner - Created resource listing Path: /default/user-controller Description: user-controller Position: 0
2018-08-01 18:15:00 INFO  s.d.schema.ModelContextKeyGenerator - Cache Key Generated: java.lang.Object(true)
2018-08-01 18:15:00 INFO  s.d.spring.web.caching.CachingAspect - Caching aspect applied for cache models with key java.lang.Object(true)
2018-08-01 18:15:00 INFO  s.d.schema.ModelContextKeyGenerator - Cache Key Generated: java.lang.Object(true)
2018-08-01 18:15:00 INFO  s.d.spring.web.caching.CachingAspect - Caching aspect applied for cache modelDependencies with key java.lang.Object(true)
2018-08-01 18:15:00 INFO  s.d.s.web.OperationsKeyGenerator - Cache key generated: /organization/assumptions.com.autism.AutismAppServer.controller.UserController.createAssumptions.DefaultGenericTypeNamingStrategy
2018-08-01 18:15:00 INFO  s.d.spring.web.caching.CachingAspect - Caching aspect applied for cache operations with key /organization/assumptions.com.autism.AutismAppServer.controller.UserController.createAssumptions.DefaultGenericTypeNamingStrategy
2018-08-01 18:15:00 INFO  s.d.s.w.ClassOrApiAnnotationResourceGrouping - Group for method createAssumptions was user-controller
2018-08-01 18:15:00 INFO  s.d.s.w.ClassOrApiAnnotationResourceGrouping - Group for method createAssumptions was user-controller
2018-08-01 18:15:00 INFO  c.a.A.AutismAppServerApplicationTests - Started AutismAppServerApplicationTests in 14.05 seconds (JVM running for 14.976)
2018-08-01 18:15:00 INFO  o.s.w.c.s.GenericWebApplicationContext - Closing org.springframework.web.context.support.GenericWebApplicationContext@d78795: startup date [Wed Aug 01 18:14:47 IST 2018]; root of context hierarchy
2018-08-01 18:15:00 INFO  o.s.o.j.LocalContainerEntityManagerFactoryBean - Closing JPA EntityManagerFactory for persistence unit 'default'
2018-08-01 18:15:35 INFO  c.a.A.AutismAppServerApplication - Starting AutismAppServerApplication on BB002 with PID 30216 (/home/buzzybrains-002/New_Eclipse_workspace/AutismAppServer/target/classes started by root in /home/buzzybrains-002/New_Eclipse_workspace/AutismAppServer)
2018-08-01 18:15:35 INFO  c.a.A.AutismAppServerApplication - No active profile set, falling back to default profiles: default
2018-08-01 18:15:35 INFO  o.s.b.c.e.AnnotationConfigEmbeddedWebApplicationContext - Refreshing org.springframework.boot.context.embedded.AnnotationConfigEmbeddedWebApplicationContext@24a4614c: startup date [Wed Aug 01 18:15:35 IST 2018]; root of context hierarchy
2018-08-01 18:15:37 INFO  o.s.c.s.PostProcessorRegistrationDelegate$BeanPostProcessorChecker - Bean 'org.springframework.transaction.annotation.ProxyTransactionManagementConfiguration' of type [org.springframework.transaction.annotation.ProxyTransactionManagementConfiguration$$EnhancerBySpringCGLIB$$7cc5c96b] is not eligible for getting processed by all BeanPostProcessors (for example: not eligible for auto-proxying)
2018-08-01 18:15:38 INFO  o.s.b.c.e.t.TomcatEmbeddedServletContainer - Tomcat initialized with port(s): 5555 (http)
2018-08-01 18:15:38 INFO  o.a.catalina.core.StandardService - Starting service [Tomcat]
2018-08-01 18:15:38 INFO  o.a.catalina.core.StandardEngine - Starting Servlet Engine: Apache Tomcat/8.5.20
2018-08-01 18:15:38 INFO  o.a.c.c.C.[Tomcat].[localhost].[/] - Initializing Spring embedded WebApplicationContext
2018-08-01 18:15:38 INFO  o.s.web.context.ContextLoader - Root WebApplicationContext: initialization completed in 3363 ms
2018-08-01 18:15:39 INFO  o.s.b.w.s.ServletRegistrationBean - Mapping servlet: 'dispatcherServlet' to [/]
2018-08-01 18:15:39 INFO  o.s.b.w.s.FilterRegistrationBean - Mapping filter: 'characterEncodingFilter' to: [/*]
2018-08-01 18:15:39 INFO  o.s.b.w.s.FilterRegistrationBean - Mapping filter: 'hiddenHttpMethodFilter' to: [/*]
2018-08-01 18:15:39 INFO  o.s.b.w.s.FilterRegistrationBean - Mapping filter: 'httpPutFormContentFilter' to: [/*]
2018-08-01 18:15:39 INFO  o.s.b.w.s.FilterRegistrationBean - Mapping filter: 'requestContextFilter' to: [/*]
2018-08-01 18:15:40 INFO  liquibase - Successfully acquired change log lock
2018-08-01 18:15:41 INFO  liquibase - Reading from autism.DATABASECHANGELOG
2018-08-01 18:15:41 INFO  liquibase - Successfully released change log lock
2018-08-01 18:15:41 INFO  o.s.o.j.LocalContainerEntityManagerFactoryBean - Building JPA container EntityManagerFactory for persistence unit 'default'
2018-08-01 18:15:41 INFO  o.h.jpa.internal.util.LogHelper - HHH000204: Processing PersistenceUnitInfo [
	name: default
	...]
2018-08-01 18:15:42 INFO  org.hibernate.Version - HHH000412: Hibernate Core {5.0.12.Final}
2018-08-01 18:15:42 INFO  org.hibernate.cfg.Environment - HHH000206: hibernate.properties not found
2018-08-01 18:15:42 INFO  org.hibernate.cfg.Environment - HHH000021: Bytecode provider name : javassist
2018-08-01 18:15:42 INFO  o.h.annotations.common.Version - HCANN000001: Hibernate Commons Annotations {5.0.1.Final}
2018-08-01 18:15:42 INFO  org.hibernate.dialect.Dialect - HHH000400: Using dialect: org.hibernate.dialect.MySQL5Dialect
2018-08-01 18:15:42 INFO  o.s.o.j.LocalContainerEntityManagerFactoryBean - Initialized JPA EntityManagerFactory for persistence unit 'default'
2018-08-01 18:15:43 INFO  o.s.w.s.m.m.a.RequestMappingHandlerMapping - Mapped "{[/organization/assumptions],methods=[POST]}" onto public org.springframework.http.ResponseEntity<java.lang.Object> com.autism.AutismAppServer.controller.UserController.createAssumptions(javax.servlet.http.HttpServletRequest)
2018-08-01 18:15:43 INFO  o.s.w.s.m.m.a.RequestMappingHandlerMapping - Mapped "{[/v2/api-docs],methods=[GET]}" onto public org.springframework.http.ResponseEntity<springfox.documentation.spring.web.json.Json> springfox.documentation.swagger2.web.Swagger2Controller.getDocumentation(java.lang.String)
2018-08-01 18:15:43 INFO  o.s.w.s.m.m.a.RequestMappingHandlerMapping - Mapped "{[/configuration/security]}" onto org.springframework.http.ResponseEntity<springfox.documentation.swagger.web.SecurityConfiguration> springfox.documentation.swagger.web.ApiResourceController.securityConfiguration()
2018-08-01 18:15:43 INFO  o.s.w.s.m.m.a.RequestMappingHandlerMapping - Mapped "{[/configuration/ui]}" onto org.springframework.http.ResponseEntity<springfox.documentation.swagger.web.UiConfiguration> springfox.documentation.swagger.web.ApiResourceController.uiConfiguration()
2018-08-01 18:15:43 INFO  o.s.w.s.m.m.a.RequestMappingHandlerMapping - Mapped "{[/swagger-resources]}" onto org.springframework.http.ResponseEntity<java.util.List<springfox.documentation.swagger.web.SwaggerResource>> springfox.documentation.swagger.web.ApiResourceController.swaggerResources()
2018-08-01 18:15:43 INFO  o.s.w.s.m.m.a.RequestMappingHandlerMapping - Mapped "{[/error],produces=[text/html]}" onto public org.springframework.web.servlet.ModelAndView org.springframework.boot.autoconfigure.web.BasicErrorController.errorHtml(javax.servlet.http.HttpServletRequest,javax.servlet.http.HttpServletResponse)
2018-08-01 18:15:43 INFO  o.s.w.s.m.m.a.RequestMappingHandlerMapping - Mapped "{[/error]}" onto public org.springframework.http.ResponseEntity<java.util.Map<java.lang.String, java.lang.Object>> org.springframework.boot.autoconfigure.web.BasicErrorController.error(javax.servlet.http.HttpServletRequest)
2018-08-01 18:15:44 INFO  o.s.w.s.m.m.a.RequestMappingHandlerAdapter - Looking for @ControllerAdvice: org.springframework.boot.context.embedded.AnnotationConfigEmbeddedWebApplicationContext@24a4614c: startup date [Wed Aug 01 18:15:35 IST 2018]; root of context hierarchy
2018-08-01 18:15:44 INFO  o.s.w.s.h.SimpleUrlHandlerMapping - Mapped URL path [/webjars/**] onto handler of type [class org.springframework.web.servlet.resource.ResourceHttpRequestHandler]
2018-08-01 18:15:44 INFO  o.s.w.s.h.SimpleUrlHandlerMapping - Mapped URL path [/**] onto handler of type [class org.springframework.web.servlet.resource.ResourceHttpRequestHandler]
2018-08-01 18:15:44 INFO  o.s.w.s.h.SimpleUrlHandlerMapping - Mapped URL path [/**/favicon.ico] onto handler of type [class org.springframework.web.servlet.resource.ResourceHttpRequestHandler]
2018-08-01 18:15:44 INFO  o.s.j.e.a.AnnotationMBeanExporter - Registering beans for JMX exposure on startup
2018-08-01 18:15:44 INFO  s.d.s.w.p.DocumentationPluginsBootstrapper - Context refreshed
2018-08-01 18:15:44 INFO  s.d.s.w.p.DocumentationPluginsBootstrapper - Found {0} custom documentation plugin(s)
2018-08-01 18:15:45 INFO  s.d.s.w.s.ApiListingReferenceScanner - Scanning for api listing references
2018-08-01 18:15:45 INFO  s.d.s.w.ClassOrApiAnnotationResourceGrouping - Group for method createAssumptions was user-controller
2018-08-01 18:15:45 INFO  s.d.s.w.s.ApiListingReferenceScanner - Request mapping: createAssumptions belongs to groups: [[ResourceGroup{groupName='user-controller', position=0, controller=com.autism.AutismAppServer.controller.UserController}]] 
2018-08-01 18:15:45 INFO  s.d.s.w.s.ApiListingReferenceScanner - Created resource listing Path: /default/user-controller Description: user-controller Position: 0
2018-08-01 18:15:45 INFO  s.d.schema.ModelContextKeyGenerator - Cache Key Generated: java.lang.Object(true)
2018-08-01 18:15:45 INFO  s.d.spring.web.caching.CachingAspect - Caching aspect applied for cache models with key java.lang.Object(true)
2018-08-01 18:15:45 INFO  s.d.schema.ModelContextKeyGenerator - Cache Key Generated: java.lang.Object(true)
2018-08-01 18:15:45 INFO  s.d.spring.web.caching.CachingAspect - Caching aspect applied for cache modelDependencies with key java.lang.Object(true)
2018-08-01 18:15:45 INFO  s.d.s.web.OperationsKeyGenerator - Cache key generated: /organization/assumptions.com.autism.AutismAppServer.controller.UserController.createAssumptions.DefaultGenericTypeNamingStrategy
2018-08-01 18:15:45 INFO  s.d.spring.web.caching.CachingAspect - Caching aspect applied for cache operations with key /organization/assumptions.com.autism.AutismAppServer.controller.UserController.createAssumptions.DefaultGenericTypeNamingStrategy
2018-08-01 18:15:45 INFO  s.d.s.w.ClassOrApiAnnotationResourceGrouping - Group for method createAssumptions was user-controller
2018-08-01 18:15:45 INFO  s.d.s.w.ClassOrApiAnnotationResourceGrouping - Group for method createAssumptions was user-controller
2018-08-01 18:15:45 INFO  o.s.b.c.e.t.TomcatEmbeddedServletContainer - Tomcat started on port(s): 5555 (http)
2018-08-01 18:15:45 INFO  c.a.A.AutismAppServerApplication - Started AutismAppServerApplication in 11.319 seconds (JVM running for 16.184)
2018-08-01 18:16:03 ERROR o.a.c.c.C.[Tomcat].[localhost] - Exception Processing /swagger-ui.html
java.lang.RuntimeException: Must set 'realm' in config
	at org.keycloak.adapters.KeycloakDeploymentBuilder.internalBuild(KeycloakDeploymentBuilder.java:53)
	at org.keycloak.adapters.KeycloakDeploymentBuilder.build(KeycloakDeploymentBuilder.java:159)
	at org.keycloak.adapters.springboot.KeycloakSpringBootConfigResolver.resolve(KeycloakSpringBootConfigResolver.java:37)
	at org.keycloak.adapters.AdapterDeploymentContext.resolveDeployment(AdapterDeploymentContext.java:88)
	at org.keycloak.adapters.PreAuthActionsHandler.preflightCors(PreAuthActionsHandler.java:107)
	at org.keycloak.adapters.PreAuthActionsHandler.handleRequest(PreAuthActionsHandler.java:79)
	at org.keycloak.adapters.tomcat.AbstractKeycloakAuthenticatorValve.invoke(AbstractKeycloakAuthenticatorValve.java:181)
	at org.apache.catalina.core.StandardHostValve.invoke(StandardHostValve.java:140)
	at org.apache.catalina.valves.ErrorReportValve.invoke(ErrorReportValve.java:80)
	at org.apache.catalina.core.StandardEngineValve.invoke(StandardEngineValve.java:87)
	at org.apache.catalina.connector.CoyoteAdapter.service(CoyoteAdapter.java:342)
	at org.apache.coyote.http11.Http11Processor.service(Http11Processor.java:799)
	at org.apache.coyote.AbstractProcessorLight.process(AbstractProcessorLight.java:66)
	at org.apache.coyote.AbstractProtocol$ConnectionHandler.process(AbstractProtocol.java:868)
	at org.apache.tomcat.util.net.NioEndpoint$SocketProcessor.doRun(NioEndpoint.java:1457)
	at org.apache.tomcat.util.net.SocketProcessorBase.run(SocketProcessorBase.java:49)
	at java.util.concurrent.ThreadPoolExecutor.runWorker(ThreadPoolExecutor.java:1142)
	at java.util.concurrent.ThreadPoolExecutor$Worker.run(ThreadPoolExecutor.java:617)
	at org.apache.tomcat.util.threads.TaskThread$WrappingRunnable.run(TaskThread.java:61)
	at java.lang.Thread.run(Thread.java:745)
2018-08-01 18:16:03 INFO  o.a.c.c.C.[Tomcat].[localhost].[/] - Initializing Spring FrameworkServlet 'dispatcherServlet'
2018-08-01 18:16:03 INFO  o.s.web.servlet.DispatcherServlet - FrameworkServlet 'dispatcherServlet': initialization started
2018-08-01 18:16:03 INFO  o.s.web.servlet.DispatcherServlet - FrameworkServlet 'dispatcherServlet': initialization completed in 31 ms
2018-08-01 18:16:04 ERROR o.a.c.c.C.[Tomcat].[localhost] - Exception Processing /favicon.ico
java.lang.RuntimeException: Must set 'realm' in config
	at org.keycloak.adapters.KeycloakDeploymentBuilder.internalBuild(KeycloakDeploymentBuilder.java:53)
	at org.keycloak.adapters.KeycloakDeploymentBuilder.build(KeycloakDeploymentBuilder.java:159)
	at org.keycloak.adapters.springboot.KeycloakSpringBootConfigResolver.resolve(KeycloakSpringBootConfigResolver.java:37)
	at org.keycloak.adapters.AdapterDeploymentContext.resolveDeployment(AdapterDeploymentContext.java:88)
	at org.keycloak.adapters.PreAuthActionsHandler.preflightCors(PreAuthActionsHandler.java:107)
	at org.keycloak.adapters.PreAuthActionsHandler.handleRequest(PreAuthActionsHandler.java:79)
	at org.keycloak.adapters.tomcat.AbstractKeycloakAuthenticatorValve.invoke(AbstractKeycloakAuthenticatorValve.java:181)
	at org.apache.catalina.core.StandardHostValve.invoke(StandardHostValve.java:140)
	at org.apache.catalina.valves.ErrorReportValve.invoke(ErrorReportValve.java:80)
	at org.apache.catalina.core.StandardEngineValve.invoke(StandardEngineValve.java:87)
	at org.apache.catalina.connector.CoyoteAdapter.service(CoyoteAdapter.java:342)
	at org.apache.coyote.http11.Http11Processor.service(Http11Processor.java:799)
	at org.apache.coyote.AbstractProcessorLight.process(AbstractProcessorLight.java:66)
	at org.apache.coyote.AbstractProtocol$ConnectionHandler.process(AbstractProtocol.java:868)
	at org.apache.tomcat.util.net.NioEndpoint$SocketProcessor.doRun(NioEndpoint.java:1457)
	at org.apache.tomcat.util.net.SocketProcessorBase.run(SocketProcessorBase.java:49)
	at java.util.concurrent.ThreadPoolExecutor.runWorker(ThreadPoolExecutor.java:1142)
	at java.util.concurrent.ThreadPoolExecutor$Worker.run(ThreadPoolExecutor.java:617)
	at org.apache.tomcat.util.threads.TaskThread$WrappingRunnable.run(TaskThread.java:61)
	at java.lang.Thread.run(Thread.java:745)
2018-08-01 18:16:16 ERROR o.a.c.c.C.[Tomcat].[localhost] - Exception Processing /swagger-ui.html
java.lang.RuntimeException: Must set 'realm' in config
	at org.keycloak.adapters.KeycloakDeploymentBuilder.internalBuild(KeycloakDeploymentBuilder.java:53)
	at org.keycloak.adapters.KeycloakDeploymentBuilder.build(KeycloakDeploymentBuilder.java:159)
	at org.keycloak.adapters.springboot.KeycloakSpringBootConfigResolver.resolve(KeycloakSpringBootConfigResolver.java:37)
	at org.keycloak.adapters.AdapterDeploymentContext.resolveDeployment(AdapterDeploymentContext.java:88)
	at org.keycloak.adapters.PreAuthActionsHandler.preflightCors(PreAuthActionsHandler.java:107)
	at org.keycloak.adapters.PreAuthActionsHandler.handleRequest(PreAuthActionsHandler.java:79)
	at org.keycloak.adapters.tomcat.AbstractKeycloakAuthenticatorValve.invoke(AbstractKeycloakAuthenticatorValve.java:181)
	at org.apache.catalina.core.StandardHostValve.invoke(StandardHostValve.java:140)
	at org.apache.catalina.valves.ErrorReportValve.invoke(ErrorReportValve.java:80)
	at org.apache.catalina.core.StandardEngineValve.invoke(StandardEngineValve.java:87)
	at org.apache.catalina.connector.CoyoteAdapter.service(CoyoteAdapter.java:342)
	at org.apache.coyote.http11.Http11Processor.service(Http11Processor.java:799)
	at org.apache.coyote.AbstractProcessorLight.process(AbstractProcessorLight.java:66)
	at org.apache.coyote.AbstractProtocol$ConnectionHandler.process(AbstractProtocol.java:868)
	at org.apache.tomcat.util.net.NioEndpoint$SocketProcessor.doRun(NioEndpoint.java:1457)
	at org.apache.tomcat.util.net.SocketProcessorBase.run(SocketProcessorBase.java:49)
	at java.util.concurrent.ThreadPoolExecutor.runWorker(ThreadPoolExecutor.java:1142)
	at java.util.concurrent.ThreadPoolExecutor$Worker.run(ThreadPoolExecutor.java:617)
	at org.apache.tomcat.util.threads.TaskThread$WrappingRunnable.run(TaskThread.java:61)
	at java.lang.Thread.run(Thread.java:745)
2018-08-01 18:16:16 ERROR o.a.c.c.C.[Tomcat].[localhost] - Exception Processing /favicon.ico
java.lang.RuntimeException: Must set 'realm' in config
	at org.keycloak.adapters.KeycloakDeploymentBuilder.internalBuild(KeycloakDeploymentBuilder.java:53)
	at org.keycloak.adapters.KeycloakDeploymentBuilder.build(KeycloakDeploymentBuilder.java:159)
	at org.keycloak.adapters.springboot.KeycloakSpringBootConfigResolver.resolve(KeycloakSpringBootConfigResolver.java:37)
	at org.keycloak.adapters.AdapterDeploymentContext.resolveDeployment(AdapterDeploymentContext.java:88)
	at org.keycloak.adapters.PreAuthActionsHandler.preflightCors(PreAuthActionsHandler.java:107)
	at org.keycloak.adapters.PreAuthActionsHandler.handleRequest(PreAuthActionsHandler.java:79)
	at org.keycloak.adapters.tomcat.AbstractKeycloakAuthenticatorValve.invoke(AbstractKeycloakAuthenticatorValve.java:181)
	at org.apache.catalina.core.StandardHostValve.invoke(StandardHostValve.java:140)
	at org.apache.catalina.valves.ErrorReportValve.invoke(ErrorReportValve.java:80)
	at org.apache.catalina.core.StandardEngineValve.invoke(StandardEngineValve.java:87)
	at org.apache.catalina.connector.CoyoteAdapter.service(CoyoteAdapter.java:342)
	at org.apache.coyote.http11.Http11Processor.service(Http11Processor.java:799)
	at org.apache.coyote.AbstractProcessorLight.process(AbstractProcessorLight.java:66)
	at org.apache.coyote.AbstractProtocol$ConnectionHandler.process(AbstractProtocol.java:868)
	at org.apache.tomcat.util.net.NioEndpoint$SocketProcessor.doRun(NioEndpoint.java:1457)
	at org.apache.tomcat.util.net.SocketProcessorBase.run(SocketProcessorBase.java:49)
	at java.util.concurrent.ThreadPoolExecutor.runWorker(ThreadPoolExecutor.java:1142)
	at java.util.concurrent.ThreadPoolExecutor$Worker.run(ThreadPoolExecutor.java:617)
	at org.apache.tomcat.util.threads.TaskThread$WrappingRunnable.run(TaskThread.java:61)
	at java.lang.Thread.run(Thread.java:745)
2018-08-01 18:16:22 ERROR o.a.c.c.C.[Tomcat].[localhost] - Exception Processing /
java.lang.RuntimeException: Must set 'realm' in config
	at org.keycloak.adapters.KeycloakDeploymentBuilder.internalBuild(KeycloakDeploymentBuilder.java:53)
	at org.keycloak.adapters.KeycloakDeploymentBuilder.build(KeycloakDeploymentBuilder.java:159)
	at org.keycloak.adapters.springboot.KeycloakSpringBootConfigResolver.resolve(KeycloakSpringBootConfigResolver.java:37)
	at org.keycloak.adapters.AdapterDeploymentContext.resolveDeployment(AdapterDeploymentContext.java:88)
	at org.keycloak.adapters.PreAuthActionsHandler.preflightCors(PreAuthActionsHandler.java:107)
	at org.keycloak.adapters.PreAuthActionsHandler.handleRequest(PreAuthActionsHandler.java:79)
	at org.keycloak.adapters.tomcat.AbstractKeycloakAuthenticatorValve.invoke(AbstractKeycloakAuthenticatorValve.java:181)
	at org.apache.catalina.core.StandardHostValve.invoke(StandardHostValve.java:140)
	at org.apache.catalina.valves.ErrorReportValve.invoke(ErrorReportValve.java:80)
	at org.apache.catalina.core.StandardEngineValve.invoke(StandardEngineValve.java:87)
	at org.apache.catalina.connector.CoyoteAdapter.service(CoyoteAdapter.java:342)
	at org.apache.coyote.http11.Http11Processor.service(Http11Processor.java:799)
	at org.apache.coyote.AbstractProcessorLight.process(AbstractProcessorLight.java:66)
	at org.apache.coyote.AbstractProtocol$ConnectionHandler.process(AbstractProtocol.java:868)
	at org.apache.tomcat.util.net.NioEndpoint$SocketProcessor.doRun(NioEndpoint.java:1457)
	at org.apache.tomcat.util.net.SocketProcessorBase.run(SocketProcessorBase.java:49)
	at java.util.concurrent.ThreadPoolExecutor.runWorker(ThreadPoolExecutor.java:1142)
	at java.util.concurrent.ThreadPoolExecutor$Worker.run(ThreadPoolExecutor.java:617)
	at org.apache.tomcat.util.threads.TaskThread$WrappingRunnable.run(TaskThread.java:61)
	at java.lang.Thread.run(Thread.java:745)
2018-08-01 18:16:22 ERROR o.a.c.c.C.[Tomcat].[localhost] - Exception Processing /favicon.ico
java.lang.RuntimeException: Must set 'realm' in config
	at org.keycloak.adapters.KeycloakDeploymentBuilder.internalBuild(KeycloakDeploymentBuilder.java:53)
	at org.keycloak.adapters.KeycloakDeploymentBuilder.build(KeycloakDeploymentBuilder.java:159)
	at org.keycloak.adapters.springboot.KeycloakSpringBootConfigResolver.resolve(KeycloakSpringBootConfigResolver.java:37)
	at org.keycloak.adapters.AdapterDeploymentContext.resolveDeployment(AdapterDeploymentContext.java:88)
	at org.keycloak.adapters.PreAuthActionsHandler.preflightCors(PreAuthActionsHandler.java:107)
	at org.keycloak.adapters.PreAuthActionsHandler.handleRequest(PreAuthActionsHandler.java:79)
	at org.keycloak.adapters.tomcat.AbstractKeycloakAuthenticatorValve.invoke(AbstractKeycloakAuthenticatorValve.java:181)
	at org.apache.catalina.core.StandardHostValve.invoke(StandardHostValve.java:140)
	at org.apache.catalina.valves.ErrorReportValve.invoke(ErrorReportValve.java:80)
	at org.apache.catalina.core.StandardEngineValve.invoke(StandardEngineValve.java:87)
	at org.apache.catalina.connector.CoyoteAdapter.service(CoyoteAdapter.java:342)
	at org.apache.coyote.http11.Http11Processor.service(Http11Processor.java:799)
	at org.apache.coyote.AbstractProcessorLight.process(AbstractProcessorLight.java:66)
	at org.apache.coyote.AbstractProtocol$ConnectionHandler.process(AbstractProtocol.java:868)
	at org.apache.tomcat.util.net.NioEndpoint$SocketProcessor.doRun(NioEndpoint.java:1457)
	at org.apache.tomcat.util.net.SocketProcessorBase.run(SocketProcessorBase.java:49)
	at java.util.concurrent.ThreadPoolExecutor.runWorker(ThreadPoolExecutor.java:1142)
	at java.util.concurrent.ThreadPoolExecutor$Worker.run(ThreadPoolExecutor.java:617)
	at org.apache.tomcat.util.threads.TaskThread$WrappingRunnable.run(TaskThread.java:61)
	at java.lang.Thread.run(Thread.java:745)
2018-08-01 18:18:08 INFO  o.s.b.c.e.AnnotationConfigEmbeddedWebApplicationContext - Closing org.springframework.boot.context.embedded.AnnotationConfigEmbeddedWebApplicationContext@24a4614c: startup date [Wed Aug 01 18:15:35 IST 2018]; root of context hierarchy
2018-08-01 18:18:08 INFO  o.s.j.e.a.AnnotationMBeanExporter - Unregistering JMX-exposed beans on shutdown
2018-08-01 18:18:08 INFO  o.s.o.j.LocalContainerEntityManagerFactoryBean - Closing JPA EntityManagerFactory for persistence unit 'default'
2018-08-01 18:18:16 INFO  c.a.A.AutismAppServerApplication - Starting AutismAppServerApplication on BB002 with PID 30428 (/home/buzzybrains-002/New_Eclipse_workspace/AutismAppServer/target/classes started by root in /home/buzzybrains-002/New_Eclipse_workspace/AutismAppServer)
2018-08-01 18:18:16 INFO  c.a.A.AutismAppServerApplication - No active profile set, falling back to default profiles: default
2018-08-01 18:18:16 INFO  o.s.b.c.e.AnnotationConfigEmbeddedWebApplicationContext - Refreshing org.springframework.boot.context.embedded.AnnotationConfigEmbeddedWebApplicationContext@55cbcd94: startup date [Wed Aug 01 18:18:16 IST 2018]; root of context hierarchy
2018-08-01 18:18:18 INFO  o.s.c.s.PostProcessorRegistrationDelegate$BeanPostProcessorChecker - Bean 'org.springframework.transaction.annotation.ProxyTransactionManagementConfiguration' of type [org.springframework.transaction.annotation.ProxyTransactionManagementConfiguration$$EnhancerBySpringCGLIB$$a5ad7939] is not eligible for getting processed by all BeanPostProcessors (for example: not eligible for auto-proxying)
2018-08-01 18:18:19 INFO  o.s.b.c.e.t.TomcatEmbeddedServletContainer - Tomcat initialized with port(s): 5555 (http)
2018-08-01 18:18:19 INFO  o.a.catalina.core.StandardService - Starting service [Tomcat]
2018-08-01 18:18:19 INFO  o.a.catalina.core.StandardEngine - Starting Servlet Engine: Apache Tomcat/8.5.20
2018-08-01 18:18:19 INFO  o.a.c.c.C.[Tomcat].[localhost].[/] - Initializing Spring embedded WebApplicationContext
2018-08-01 18:18:19 INFO  o.s.web.context.ContextLoader - Root WebApplicationContext: initialization completed in 3331 ms
2018-08-01 18:18:19 INFO  o.s.b.w.s.ServletRegistrationBean - Mapping servlet: 'dispatcherServlet' to [/]
2018-08-01 18:18:19 INFO  o.s.b.w.s.FilterRegistrationBean - Mapping filter: 'characterEncodingFilter' to: [/*]
2018-08-01 18:18:19 INFO  o.s.b.w.s.FilterRegistrationBean - Mapping filter: 'hiddenHttpMethodFilter' to: [/*]
2018-08-01 18:18:19 INFO  o.s.b.w.s.FilterRegistrationBean - Mapping filter: 'httpPutFormContentFilter' to: [/*]
2018-08-01 18:18:19 INFO  o.s.b.w.s.FilterRegistrationBean - Mapping filter: 'requestContextFilter' to: [/*]
2018-08-01 18:18:20 INFO  liquibase - Successfully acquired change log lock
2018-08-01 18:18:21 INFO  liquibase - Reading from autism.DATABASECHANGELOG
2018-08-01 18:18:22 INFO  liquibase - Successfully released change log lock
2018-08-01 18:18:22 INFO  o.s.o.j.LocalContainerEntityManagerFactoryBean - Building JPA container EntityManagerFactory for persistence unit 'default'
2018-08-01 18:18:22 INFO  o.h.jpa.internal.util.LogHelper - HHH000204: Processing PersistenceUnitInfo [
	name: default
	...]
2018-08-01 18:18:22 INFO  org.hibernate.Version - HHH000412: Hibernate Core {5.0.12.Final}
2018-08-01 18:18:22 INFO  org.hibernate.cfg.Environment - HHH000206: hibernate.properties not found
2018-08-01 18:18:22 INFO  org.hibernate.cfg.Environment - HHH000021: Bytecode provider name : javassist
2018-08-01 18:18:22 INFO  o.h.annotations.common.Version - HCANN000001: Hibernate Commons Annotations {5.0.1.Final}
2018-08-01 18:18:23 INFO  org.hibernate.dialect.Dialect - HHH000400: Using dialect: org.hibernate.dialect.MySQL5Dialect
2018-08-01 18:18:23 INFO  o.s.o.j.LocalContainerEntityManagerFactoryBean - Initialized JPA EntityManagerFactory for persistence unit 'default'
2018-08-01 18:18:24 INFO  o.s.w.s.m.m.a.RequestMappingHandlerMapping - Mapped "{[/organization/assumptions],methods=[POST]}" onto public org.springframework.http.ResponseEntity<java.lang.Object> com.autism.AutismAppServer.controller.UserController.createAssumptions(javax.servlet.http.HttpServletRequest)
2018-08-01 18:18:24 INFO  o.s.w.s.m.m.a.RequestMappingHandlerMapping - Mapped "{[/v2/api-docs],methods=[GET]}" onto public org.springframework.http.ResponseEntity<springfox.documentation.spring.web.json.Json> springfox.documentation.swagger2.web.Swagger2Controller.getDocumentation(java.lang.String)
2018-08-01 18:18:24 INFO  o.s.w.s.m.m.a.RequestMappingHandlerMapping - Mapped "{[/configuration/ui]}" onto org.springframework.http.ResponseEntity<springfox.documentation.swagger.web.UiConfiguration> springfox.documentation.swagger.web.ApiResourceController.uiConfiguration()
2018-08-01 18:18:24 INFO  o.s.w.s.m.m.a.RequestMappingHandlerMapping - Mapped "{[/configuration/security]}" onto org.springframework.http.ResponseEntity<springfox.documentation.swagger.web.SecurityConfiguration> springfox.documentation.swagger.web.ApiResourceController.securityConfiguration()
2018-08-01 18:18:24 INFO  o.s.w.s.m.m.a.RequestMappingHandlerMapping - Mapped "{[/swagger-resources]}" onto org.springframework.http.ResponseEntity<java.util.List<springfox.documentation.swagger.web.SwaggerResource>> springfox.documentation.swagger.web.ApiResourceController.swaggerResources()
2018-08-01 18:18:24 INFO  o.s.w.s.m.m.a.RequestMappingHandlerMapping - Mapped "{[/error],produces=[text/html]}" onto public org.springframework.web.servlet.ModelAndView org.springframework.boot.autoconfigure.web.BasicErrorController.errorHtml(javax.servlet.http.HttpServletRequest,javax.servlet.http.HttpServletResponse)
2018-08-01 18:18:24 INFO  o.s.w.s.m.m.a.RequestMappingHandlerMapping - Mapped "{[/error]}" onto public org.springframework.http.ResponseEntity<java.util.Map<java.lang.String, java.lang.Object>> org.springframework.boot.autoconfigure.web.BasicErrorController.error(javax.servlet.http.HttpServletRequest)
2018-08-01 18:18:24 INFO  o.s.w.s.m.m.a.RequestMappingHandlerAdapter - Looking for @ControllerAdvice: org.springframework.boot.context.embedded.AnnotationConfigEmbeddedWebApplicationContext@55cbcd94: startup date [Wed Aug 01 18:18:16 IST 2018]; root of context hierarchy
2018-08-01 18:18:24 INFO  o.s.w.s.h.SimpleUrlHandlerMapping - Mapped URL path [/webjars/**] onto handler of type [class org.springframework.web.servlet.resource.ResourceHttpRequestHandler]
2018-08-01 18:18:24 INFO  o.s.w.s.h.SimpleUrlHandlerMapping - Mapped URL path [/**] onto handler of type [class org.springframework.web.servlet.resource.ResourceHttpRequestHandler]
2018-08-01 18:18:24 INFO  o.s.w.s.h.SimpleUrlHandlerMapping - Mapped URL path [/**/favicon.ico] onto handler of type [class org.springframework.web.servlet.resource.ResourceHttpRequestHandler]
2018-08-01 18:18:25 INFO  o.s.j.e.a.AnnotationMBeanExporter - Registering beans for JMX exposure on startup
2018-08-01 18:18:25 INFO  s.d.s.w.p.DocumentationPluginsBootstrapper - Context refreshed
2018-08-01 18:18:25 INFO  s.d.s.w.p.DocumentationPluginsBootstrapper - Found {0} custom documentation plugin(s)
2018-08-01 18:18:25 INFO  s.d.s.w.s.ApiListingReferenceScanner - Scanning for api listing references
2018-08-01 18:18:25 INFO  s.d.s.w.ClassOrApiAnnotationResourceGrouping - Group for method createAssumptions was user-controller
2018-08-01 18:18:25 INFO  s.d.s.w.s.ApiListingReferenceScanner - Request mapping: createAssumptions belongs to groups: [[ResourceGroup{groupName='user-controller', position=0, controller=com.autism.AutismAppServer.controller.UserController}]] 
2018-08-01 18:18:25 INFO  s.d.s.w.s.ApiListingReferenceScanner - Created resource listing Path: /default/user-controller Description: user-controller Position: 0
2018-08-01 18:18:25 INFO  s.d.schema.ModelContextKeyGenerator - Cache Key Generated: java.lang.Object(true)
2018-08-01 18:18:25 INFO  s.d.spring.web.caching.CachingAspect - Caching aspect applied for cache models with key java.lang.Object(true)
2018-08-01 18:18:25 INFO  s.d.schema.ModelContextKeyGenerator - Cache Key Generated: java.lang.Object(true)
2018-08-01 18:18:25 INFO  s.d.spring.web.caching.CachingAspect - Caching aspect applied for cache modelDependencies with key java.lang.Object(true)
2018-08-01 18:18:25 INFO  s.d.s.web.OperationsKeyGenerator - Cache key generated: /organization/assumptions.com.autism.AutismAppServer.controller.UserController.createAssumptions.DefaultGenericTypeNamingStrategy
2018-08-01 18:18:25 INFO  s.d.spring.web.caching.CachingAspect - Caching aspect applied for cache operations with key /organization/assumptions.com.autism.AutismAppServer.controller.UserController.createAssumptions.DefaultGenericTypeNamingStrategy
2018-08-01 18:18:25 INFO  s.d.s.w.ClassOrApiAnnotationResourceGrouping - Group for method createAssumptions was user-controller
2018-08-01 18:18:25 INFO  s.d.s.w.ClassOrApiAnnotationResourceGrouping - Group for method createAssumptions was user-controller
2018-08-01 18:18:25 INFO  o.s.b.c.e.t.TomcatEmbeddedServletContainer - Tomcat started on port(s): 5555 (http)
2018-08-01 18:18:25 INFO  c.a.A.AutismAppServerApplication - Started AutismAppServerApplication in 11.111 seconds (JVM running for 15.736)
2018-08-01 18:18:39 ERROR o.a.c.c.C.[Tomcat].[localhost] - Exception Processing /swagger-ui.html
java.lang.RuntimeException: Must set 'realm' in config
	at org.keycloak.adapters.KeycloakDeploymentBuilder.internalBuild(KeycloakDeploymentBuilder.java:53)
	at org.keycloak.adapters.KeycloakDeploymentBuilder.build(KeycloakDeploymentBuilder.java:159)
	at org.keycloak.adapters.springboot.KeycloakSpringBootConfigResolver.resolve(KeycloakSpringBootConfigResolver.java:37)
	at org.keycloak.adapters.AdapterDeploymentContext.resolveDeployment(AdapterDeploymentContext.java:88)
	at org.keycloak.adapters.PreAuthActionsHandler.preflightCors(PreAuthActionsHandler.java:107)
	at org.keycloak.adapters.PreAuthActionsHandler.handleRequest(PreAuthActionsHandler.java:79)
	at org.keycloak.adapters.tomcat.AbstractKeycloakAuthenticatorValve.invoke(AbstractKeycloakAuthenticatorValve.java:181)
	at org.apache.catalina.core.StandardHostValve.invoke(StandardHostValve.java:140)
	at org.apache.catalina.valves.ErrorReportValve.invoke(ErrorReportValve.java:80)
	at org.apache.catalina.core.StandardEngineValve.invoke(StandardEngineValve.java:87)
	at org.apache.catalina.connector.CoyoteAdapter.service(CoyoteAdapter.java:342)
	at org.apache.coyote.http11.Http11Processor.service(Http11Processor.java:799)
	at org.apache.coyote.AbstractProcessorLight.process(AbstractProcessorLight.java:66)
	at org.apache.coyote.AbstractProtocol$ConnectionHandler.process(AbstractProtocol.java:868)
	at org.apache.tomcat.util.net.NioEndpoint$SocketProcessor.doRun(NioEndpoint.java:1457)
	at org.apache.tomcat.util.net.SocketProcessorBase.run(SocketProcessorBase.java:49)
	at java.util.concurrent.ThreadPoolExecutor.runWorker(ThreadPoolExecutor.java:1142)
	at java.util.concurrent.ThreadPoolExecutor$Worker.run(ThreadPoolExecutor.java:617)
	at org.apache.tomcat.util.threads.TaskThread$WrappingRunnable.run(TaskThread.java:61)
	at java.lang.Thread.run(Thread.java:745)
2018-08-01 18:18:39 INFO  o.a.c.c.C.[Tomcat].[localhost].[/] - Initializing Spring FrameworkServlet 'dispatcherServlet'
2018-08-01 18:18:39 INFO  o.s.web.servlet.DispatcherServlet - FrameworkServlet 'dispatcherServlet': initialization started
2018-08-01 18:18:39 INFO  o.s.web.servlet.DispatcherServlet - FrameworkServlet 'dispatcherServlet': initialization completed in 30 ms
2018-08-01 18:18:40 ERROR o.a.c.c.C.[Tomcat].[localhost] - Exception Processing /favicon.ico
java.lang.RuntimeException: Must set 'realm' in config
	at org.keycloak.adapters.KeycloakDeploymentBuilder.internalBuild(KeycloakDeploymentBuilder.java:53)
	at org.keycloak.adapters.KeycloakDeploymentBuilder.build(KeycloakDeploymentBuilder.java:159)
	at org.keycloak.adapters.springboot.KeycloakSpringBootConfigResolver.resolve(KeycloakSpringBootConfigResolver.java:37)
	at org.keycloak.adapters.AdapterDeploymentContext.resolveDeployment(AdapterDeploymentContext.java:88)
	at org.keycloak.adapters.PreAuthActionsHandler.preflightCors(PreAuthActionsHandler.java:107)
	at org.keycloak.adapters.PreAuthActionsHandler.handleRequest(PreAuthActionsHandler.java:79)
	at org.keycloak.adapters.tomcat.AbstractKeycloakAuthenticatorValve.invoke(AbstractKeycloakAuthenticatorValve.java:181)
	at org.apache.catalina.core.StandardHostValve.invoke(StandardHostValve.java:140)
	at org.apache.catalina.valves.ErrorReportValve.invoke(ErrorReportValve.java:80)
	at org.apache.catalina.core.StandardEngineValve.invoke(StandardEngineValve.java:87)
	at org.apache.catalina.connector.CoyoteAdapter.service(CoyoteAdapter.java:342)
	at org.apache.coyote.http11.Http11Processor.service(Http11Processor.java:799)
	at org.apache.coyote.AbstractProcessorLight.process(AbstractProcessorLight.java:66)
	at org.apache.coyote.AbstractProtocol$ConnectionHandler.process(AbstractProtocol.java:868)
	at org.apache.tomcat.util.net.NioEndpoint$SocketProcessor.doRun(NioEndpoint.java:1457)
	at org.apache.tomcat.util.net.SocketProcessorBase.run(SocketProcessorBase.java:49)
	at java.util.concurrent.ThreadPoolExecutor.runWorker(ThreadPoolExecutor.java:1142)
	at java.util.concurrent.ThreadPoolExecutor$Worker.run(ThreadPoolExecutor.java:617)
	at org.apache.tomcat.util.threads.TaskThread$WrappingRunnable.run(TaskThread.java:61)
	at java.lang.Thread.run(Thread.java:745)
2018-08-01 18:20:25 INFO  o.s.b.c.e.AnnotationConfigEmbeddedWebApplicationContext - Closing org.springframework.boot.context.embedded.AnnotationConfigEmbeddedWebApplicationContext@55cbcd94: startup date [Wed Aug 01 18:18:16 IST 2018]; root of context hierarchy
2018-08-01 18:20:25 INFO  o.s.j.e.a.AnnotationMBeanExporter - Unregistering JMX-exposed beans on shutdown
2018-08-01 18:20:25 INFO  o.s.o.j.LocalContainerEntityManagerFactoryBean - Closing JPA EntityManagerFactory for persistence unit 'default'
2018-08-01 18:20:31 INFO  c.a.A.AutismAppServerApplication - Starting AutismAppServerApplication on BB002 with PID 30672 (/home/buzzybrains-002/New_Eclipse_workspace/AutismAppServer/target/classes started by root in /home/buzzybrains-002/New_Eclipse_workspace/AutismAppServer)
2018-08-01 18:20:31 INFO  c.a.A.AutismAppServerApplication - No active profile set, falling back to default profiles: default
2018-08-01 18:20:31 INFO  o.s.b.c.e.AnnotationConfigEmbeddedWebApplicationContext - Refreshing org.springframework.boot.context.embedded.AnnotationConfigEmbeddedWebApplicationContext@2d71f3d8: startup date [Wed Aug 01 18:20:31 IST 2018]; root of context hierarchy
2018-08-01 18:20:33 INFO  o.s.c.s.PostProcessorRegistrationDelegate$BeanPostProcessorChecker - Bean 'org.springframework.transaction.annotation.ProxyTransactionManagementConfiguration' of type [org.springframework.transaction.annotation.ProxyTransactionManagementConfiguration$$EnhancerBySpringCGLIB$$53cc94c1] is not eligible for getting processed by all BeanPostProcessors (for example: not eligible for auto-proxying)
2018-08-01 18:20:34 INFO  o.s.b.c.e.t.TomcatEmbeddedServletContainer - Tomcat initialized with port(s): 5555 (http)
2018-08-01 18:20:34 INFO  o.a.catalina.core.StandardService - Starting service [Tomcat]
2018-08-01 18:20:34 INFO  o.a.catalina.core.StandardEngine - Starting Servlet Engine: Apache Tomcat/8.5.20
2018-08-01 18:20:34 INFO  o.a.c.c.C.[Tomcat].[localhost].[/] - Initializing Spring embedded WebApplicationContext
2018-08-01 18:20:34 INFO  o.s.web.context.ContextLoader - Root WebApplicationContext: initialization completed in 2829 ms
2018-08-01 18:20:34 INFO  o.s.b.w.s.ServletRegistrationBean - Mapping servlet: 'dispatcherServlet' to [/]
2018-08-01 18:20:34 INFO  o.s.b.w.s.FilterRegistrationBean - Mapping filter: 'characterEncodingFilter' to: [/*]
2018-08-01 18:20:34 INFO  o.s.b.w.s.FilterRegistrationBean - Mapping filter: 'hiddenHttpMethodFilter' to: [/*]
2018-08-01 18:20:34 INFO  o.s.b.w.s.FilterRegistrationBean - Mapping filter: 'httpPutFormContentFilter' to: [/*]
2018-08-01 18:20:34 INFO  o.s.b.w.s.FilterRegistrationBean - Mapping filter: 'requestContextFilter' to: [/*]
2018-08-01 18:20:35 INFO  liquibase - Successfully acquired change log lock
2018-08-01 18:20:37 INFO  liquibase - Reading from autism.DATABASECHANGELOG
2018-08-01 18:20:37 INFO  liquibase - Successfully released change log lock
2018-08-01 18:20:37 INFO  o.s.o.j.LocalContainerEntityManagerFactoryBean - Building JPA container EntityManagerFactory for persistence unit 'default'
2018-08-01 18:20:37 INFO  o.h.jpa.internal.util.LogHelper - HHH000204: Processing PersistenceUnitInfo [
	name: default
	...]
2018-08-01 18:20:37 INFO  org.hibernate.Version - HHH000412: Hibernate Core {5.0.12.Final}
2018-08-01 18:20:37 INFO  org.hibernate.cfg.Environment - HHH000206: hibernate.properties not found
2018-08-01 18:20:37 INFO  org.hibernate.cfg.Environment - HHH000021: Bytecode provider name : javassist
2018-08-01 18:20:37 INFO  o.h.annotations.common.Version - HCANN000001: Hibernate Commons Annotations {5.0.1.Final}
2018-08-01 18:20:38 INFO  org.hibernate.dialect.Dialect - HHH000400: Using dialect: org.hibernate.dialect.MySQL5Dialect
2018-08-01 18:20:38 INFO  o.s.o.j.LocalContainerEntityManagerFactoryBean - Initialized JPA EntityManagerFactory for persistence unit 'default'
2018-08-01 18:20:39 INFO  o.s.w.s.m.m.a.RequestMappingHandlerMapping - Mapped "{[/organization/assumptions],methods=[POST]}" onto public org.springframework.http.ResponseEntity<java.lang.Object> com.autism.AutismAppServer.controller.UserController.createAssumptions(javax.servlet.http.HttpServletRequest)
2018-08-01 18:20:39 INFO  o.s.w.s.m.m.a.RequestMappingHandlerMapping - Mapped "{[/v2/api-docs],methods=[GET]}" onto public org.springframework.http.ResponseEntity<springfox.documentation.spring.web.json.Json> springfox.documentation.swagger2.web.Swagger2Controller.getDocumentation(java.lang.String)
2018-08-01 18:20:39 INFO  o.s.w.s.m.m.a.RequestMappingHandlerMapping - Mapped "{[/configuration/security]}" onto org.springframework.http.ResponseEntity<springfox.documentation.swagger.web.SecurityConfiguration> springfox.documentation.swagger.web.ApiResourceController.securityConfiguration()
2018-08-01 18:20:39 INFO  o.s.w.s.m.m.a.RequestMappingHandlerMapping - Mapped "{[/configuration/ui]}" onto org.springframework.http.ResponseEntity<springfox.documentation.swagger.web.UiConfiguration> springfox.documentation.swagger.web.ApiResourceController.uiConfiguration()
2018-08-01 18:20:39 INFO  o.s.w.s.m.m.a.RequestMappingHandlerMapping - Mapped "{[/swagger-resources]}" onto org.springframework.http.ResponseEntity<java.util.List<springfox.documentation.swagger.web.SwaggerResource>> springfox.documentation.swagger.web.ApiResourceController.swaggerResources()
2018-08-01 18:20:39 INFO  o.s.w.s.m.m.a.RequestMappingHandlerMapping - Mapped "{[/error],produces=[text/html]}" onto public org.springframework.web.servlet.ModelAndView org.springframework.boot.autoconfigure.web.BasicErrorController.errorHtml(javax.servlet.http.HttpServletRequest,javax.servlet.http.HttpServletResponse)
2018-08-01 18:20:39 INFO  o.s.w.s.m.m.a.RequestMappingHandlerMapping - Mapped "{[/error]}" onto public org.springframework.http.ResponseEntity<java.util.Map<java.lang.String, java.lang.Object>> org.springframework.boot.autoconfigure.web.BasicErrorController.error(javax.servlet.http.HttpServletRequest)
2018-08-01 18:20:39 INFO  o.s.w.s.m.m.a.RequestMappingHandlerAdapter - Looking for @ControllerAdvice: org.springframework.boot.context.embedded.AnnotationConfigEmbeddedWebApplicationContext@2d71f3d8: startup date [Wed Aug 01 18:20:31 IST 2018]; root of context hierarchy
2018-08-01 18:20:39 INFO  o.s.w.s.h.SimpleUrlHandlerMapping - Mapped URL path [/webjars/**] onto handler of type [class org.springframework.web.servlet.resource.ResourceHttpRequestHandler]
2018-08-01 18:20:39 INFO  o.s.w.s.h.SimpleUrlHandlerMapping - Mapped URL path [/**] onto handler of type [class org.springframework.web.servlet.resource.ResourceHttpRequestHandler]
2018-08-01 18:20:39 INFO  o.s.w.s.h.SimpleUrlHandlerMapping - Mapped URL path [/**/favicon.ico] onto handler of type [class org.springframework.web.servlet.resource.ResourceHttpRequestHandler]
2018-08-01 18:20:40 INFO  o.s.j.e.a.AnnotationMBeanExporter - Registering beans for JMX exposure on startup
2018-08-01 18:20:40 INFO  s.d.s.w.p.DocumentationPluginsBootstrapper - Context refreshed
2018-08-01 18:20:40 INFO  s.d.s.w.p.DocumentationPluginsBootstrapper - Found {0} custom documentation plugin(s)
2018-08-01 18:20:40 INFO  s.d.s.w.s.ApiListingReferenceScanner - Scanning for api listing references
2018-08-01 18:20:40 INFO  s.d.s.w.ClassOrApiAnnotationResourceGrouping - Group for method createAssumptions was user-controller
2018-08-01 18:20:40 INFO  s.d.s.w.s.ApiListingReferenceScanner - Request mapping: createAssumptions belongs to groups: [[ResourceGroup{groupName='user-controller', position=0, controller=com.autism.AutismAppServer.controller.UserController}]] 
2018-08-01 18:20:40 INFO  s.d.s.w.s.ApiListingReferenceScanner - Created resource listing Path: /default/user-controller Description: user-controller Position: 0
2018-08-01 18:20:40 INFO  s.d.schema.ModelContextKeyGenerator - Cache Key Generated: java.lang.Object(true)
2018-08-01 18:20:40 INFO  s.d.spring.web.caching.CachingAspect - Caching aspect applied for cache models with key java.lang.Object(true)
2018-08-01 18:20:40 INFO  s.d.schema.ModelContextKeyGenerator - Cache Key Generated: java.lang.Object(true)
2018-08-01 18:20:40 INFO  s.d.spring.web.caching.CachingAspect - Caching aspect applied for cache modelDependencies with key java.lang.Object(true)
2018-08-01 18:20:40 INFO  s.d.s.web.OperationsKeyGenerator - Cache key generated: /organization/assumptions.com.autism.AutismAppServer.controller.UserController.createAssumptions.DefaultGenericTypeNamingStrategy
2018-08-01 18:20:40 INFO  s.d.spring.web.caching.CachingAspect - Caching aspect applied for cache operations with key /organization/assumptions.com.autism.AutismAppServer.controller.UserController.createAssumptions.DefaultGenericTypeNamingStrategy
2018-08-01 18:20:40 INFO  s.d.s.w.ClassOrApiAnnotationResourceGrouping - Group for method createAssumptions was user-controller
2018-08-01 18:20:40 INFO  s.d.s.w.ClassOrApiAnnotationResourceGrouping - Group for method createAssumptions was user-controller
2018-08-01 18:20:40 INFO  o.s.b.c.e.t.TomcatEmbeddedServletContainer - Tomcat started on port(s): 5555 (http)
2018-08-01 18:20:40 INFO  c.a.A.AutismAppServerApplication - Started AutismAppServerApplication in 10.325 seconds (JVM running for 14.456)
2018-08-01 18:20:43 INFO  o.a.c.c.C.[Tomcat].[localhost].[/] - Initializing Spring FrameworkServlet 'dispatcherServlet'
2018-08-01 18:20:43 INFO  o.s.web.servlet.DispatcherServlet - FrameworkServlet 'dispatcherServlet': initialization started
2018-08-01 18:20:43 INFO  o.s.web.servlet.DispatcherServlet - FrameworkServlet 'dispatcherServlet': initialization completed in 28 ms
2018-08-01 18:40:32 INFO  o.s.b.c.e.AnnotationConfigEmbeddedWebApplicationContext - Closing org.springframework.boot.context.embedded.AnnotationConfigEmbeddedWebApplicationContext@2d71f3d8: startup date [Wed Aug 01 18:20:31 IST 2018]; root of context hierarchy
2018-08-01 18:40:32 INFO  o.s.j.e.a.AnnotationMBeanExporter - Unregistering JMX-exposed beans on shutdown
2018-08-01 18:40:32 INFO  o.s.o.j.LocalContainerEntityManagerFactoryBean - Closing JPA EntityManagerFactory for persistence unit 'default'
